=== POKETRACE FULL SYNC ===
Daily limit: 240 req/day
Started: 4/16/2026, 9:30:24 PM

Previous progress: 0 sets done, 0 calls today
Total PokeTrace sets: 50
Remaining: 50 sets

[1/50] 10th-movie-commemoration-set 10th Movie Commemoration    RATE LIMITED. Waiting 60s...
. 11 cards (61s) [3/240 today]
[2/50] 11th-movie-commemoration-set 11th Movie Commemoration    RATE LIMITED. Waiting 60s...
. 9 cards (61s) [5/240 today]
[3/50] 151                          151                         RATE LIMITED. Waiting 60s...
 0 cards (60s) [7/240 today]
[4/50] 25th-anniversary-collection  25th Anniversary Collecti   RATE LIMITED. Waiting 60s...
 0 cards (60s) [9/240 today]
[5/50] 25th-anniversary-edition     25th Anniversary Edition    RATE LIMITED. Waiting 60s...
 0 cards (60s) [11/240 today]
[6/50] 25th-anniversary-golden-box  25th Anniversary Golden B   RATE LIMITED. Waiting 60s...
 0 cards (60s) [13/240 today]
[7/50] 30th-anniversary-celebration-simplified-chinese 30th Anniversary Celebrat   RATE LIMITED. Waiting 60s...
 0 cards (60s) [15/240 today]
[8/50] 64-mario-stadium-best-photo-contest 64 Mario Stadium Best Pho   RATE LIMITED. Waiting 60s...
. 0 cards (60s) [17/240 today]
[9/50] adv-expansion-pack           ADV Expansion Pack          RATE LIMITED. Waiting 60s...
...  RATE LIMITED. Waiting 60s...
.. 64 cards (134s) [24/240 today]
[10/50] adv-promos                   ADV Promos                  RATE LIMITED. Waiting 60s...
 0 cards (60s) [26/240 today]
[11/50] adv-p-promotional-cards      ADV-P Promotional cards     RATE LIMITED. Waiting 60s...
.... 37 cards (69s) [31/240 today]
[12/50] advent-of-arceus             Advent of Arceus            RATE LIMITED. Waiting 60s...
 0 cards (60s) [33/240 today]
[13/50] adventure-special-pack       Adventure Special Pack      RATE LIMITED. Waiting 60s...
 0 cards (60s) [35/240 today]
[14/50] adventure-on-kamis-island    Adventure on Kami's Islan   RATE LIMITED. Waiting 60s...
. 0 cards (60s) [37/240 today]
[15/50] alolan-moonlight             Alolan Moonlight            RATE LIMITED. Waiting 60s...
 0 cards (60s) [39/240 today]
[16/50] alter-genesis                Alter Genesis               RATE LIMITED. Waiting 60s...
 0 cards (60s) [41/240 today]
[17/50] alternate-art-promos         Alternate Art Promos        RATE LIMITED. Waiting 60s...
... 58 cards (67s) [45/240 today]
[18/50] ancient-origins              Ancient Origins             RATE LIMITED. Waiting 60s...
 0 cards (60s) [47/240 today]
[19/50] ancient-roar                 Ancient Roar                RATE LIMITED. Waiting 60s...
 0 cards (60s) [49/240 today]
[20/50] aqua-deck-kit                Aqua Deck Kit               RATE LIMITED. Waiting 60s...
... 12 cards (65s) [53/240 today]
[21/50] aquapolis-skiploom           Aquapolis                   RATE LIMITED. Waiting 60s...
 0 cards (60s) [55/240 today]
[22/50] aquapolis-hitmonchan         Aquapolis                   RATE LIMITED. Waiting 60s...
 0 cards (60s) [57/240 today]
[23/50] aquapolis-azumarill          Aquapolis                   RATE LIMITED. Waiting 60s...
 0 cards (60s) [59/240 today]
[24/50] aquapolis-lightning          Aquapolis                   RATE LIMITED. Waiting 60s...
 0 cards (60s) [61/240 today]
[25/50] aquapolis-umbreon            Aquapolis                   RATE LIMITED. Waiting 60s...
 0 cards (60s) [63/240 today]
[26/50] aquapolis-marill             Aquapolis                   RATE LIMITED. Waiting 60s...
 0 cards (60s) [65/240 today]
[27/50] aquapolis-vileplume          Aquapolis                   RATE LIMITED. Waiting 60s...
 0 cards (60s) [67/240 today]
[28/50] aquapolis                    Aquapolis                   RATE LIMITED. Waiting 60s...
................. 337 cards (111s) [85/240 today]
[29/50] aquapolis-fire               Aquapolis                   RATE LIMITED. Waiting 60s...
 0 cards (60s) [87/240 today]
[30/50] aquapolis-jumpluff           Aquapolis                   RATE LIMITED. Waiting 60s...
 0 cards (60s) [89/240 today]
[31/50] aquapolis-parasect           Aquapolis                   RATE LIMITED. Waiting 60s...
 0 cards (60s) [91/240 today]
[32/50] aquapolis-flaaffy            Aquapolis                   RATE LIMITED. Waiting 60s...
 0 cards (63s) [93/240 today]
[33/50] aquapolis-grass              Aquapolis                  0 cards (0s) [94/240 today]
[34/50] aquapolis-elekid             Aquapolis                   RATE LIMITED. Waiting 60s...
 0 cards (62s) [96/240 today]
[35/50] aquapolis-tyranitar          Aquapolis                   RATE LIMITED. Waiting 60s...
 0 cards (60s) [98/240 today]
[36/50] aquapolis-gloom              Aquapolis                   RATE LIMITED. Waiting 60s...
 0 cards (60s) [100/240 today]
[37/50] aquapolis-pokemon-park       Aquapolis                   RATE LIMITED. Waiting 60s...
 0 cards (60s) [102/240 today]
[38/50] aquapolis-zapdos             Aquapolis                   RATE LIMITED. Waiting 60s...
 0 cards (60s) [104/240 today]
[39/50] aquapolis-time-shard         Aquapolis                   RATE LIMITED. Waiting 60s...
 0 cards (60s) [106/240 today]
[40/50] aquapolis-metal-energy       Aquapolis                   RATE LIMITED. Waiting 60s...
 0 cards (60s) [108/240 today]
[41/50] aquapolis-slowbro            Aquapolis                   RATE LIMITED. Waiting 60s...
 0 cards (60s) [110/240 today]
[42/50] aquapolis-super              Aquapolis                   RATE LIMITED. Waiting 60s...
 0 cards (60s) [112/240 today]
[43/50] aquapolis-tentacruel         Aquapolis                   RATE LIMITED. Waiting 60s...
 0 cards (60s) [114/240 today]
[44/50] aquapolis-suicune            Aquapolis                   RATE LIMITED. Waiting 60s...
 0 cards (60s) [116/240 today]
[45/50] aquapolis-water              Aquapolis                   RATE LIMITED. Waiting 60s...
 0 cards (60s) [118/240 today]
[46/50] aquapolis-rainbow-energy     Aquapolis                   RATE LIMITED. Waiting 60s...
 0 cards (60s) [120/240 today]
[47/50] aquapolis-power-plant        Aquapolis                   RATE LIMITED. Waiting 60s...
 0 cards (60s) [122/240 today]
[48/50] aquapolis-muk                Aquapolis                   RATE LIMITED. Waiting 60s...
 0 cards (60s) [124/240 today]
[49/50] aquapolis-electrode          Aquapolis                   RATE LIMITED. Waiting 60s...
 0 cards (60s) [126/240 today]
[50/50] aquapolis-apricorn-forest    Aquapolis                   RATE LIMITED. Waiting 60s...
 0 cards (60s) [128/240 today]

=== DONE ===
Total sets synced: 50
Finished: 4/16/2026, 10:22:07 PM
